  [1m[35m (183.7ms)[0m  [1m[35mCREATE DATABASE "temperatures_api_development" ENCODING = 'unicode'[0m
  [1m[35m (103.4ms)[0m  [1m[35mCREATE DATABASE "temperatures_api_test" ENCODING = 'unicode'[0m
  [1m[35m (29.7ms)[0m  [1m[35mCREATE TABLE "schema_migrations" ("version" character varying NOT NULL PRIMARY KEY)[0m
  [1m[35m (4.1ms)[0m  [1m[35mCREATE TABLE "ar_internal_metadata" ("key" character varying NOT NULL PRIMARY KEY, "value" character varying, "created_at" timestamp(6) NOT NULL, "updated_at" timestamp(6) NOT NULL)[0m
  [1m[35m (1.1ms)[0m  [1m[34mSELECT pg_try_advisory_lock(164586408472616235)[0m
  [1m[35m (0.6ms)[0m  [1m[34mSELECT "schema_migrations"."version" FROM "schema_migrations" ORDER BY "schema_migrations"."version" ASC[0m
Migrating to CreateLocations (20200922154255)
  [1m[35m (0.5ms)[0m  [1m[35mBEGIN[0m
  [1m[35m (13.2ms)[0m  [1m[35mCREATE TABLE "locations" ("id" bigserial primary key, "lat" decimal, "lng" decimal, "name" character varying, "created_at" timestamp(6) NOT NULL, "updated_at" timestamp(6) NOT NULL)[0m
  [1m[36mprimary::SchemaMigration Create (3.1ms)[0m  [1m[32mINSERT INTO "schema_migrations" ("version") VALUES ($1) RETURNING "version"[0m  [["version", "20200922154255"]]
  [1m[35m (0.4ms)[0m  [1m[35mCOMMIT[0m
Migrating to CreateTemperatures (20200922155735)
  [1m[35m (0.3ms)[0m  [1m[35mBEGIN[0m
  [1m[35m (5.0ms)[0m  [1m[35mCREATE TABLE "temperatures" ("id" bigserial primary key, "average_high_f" integer, "average_low_f" integer, "month" character varying, "created_at" timestamp(6) NOT NULL, "updated_at" timestamp(6) NOT NULL)[0m
  [1m[36mprimary::SchemaMigration Create (0.3ms)[0m  [1m[32mINSERT INTO "schema_migrations" ("version") VALUES ($1) RETURNING "version"[0m  [["version", "20200922155735"]]
  [1m[35m (0.4ms)[0m  [1m[35mCOMMIT[0m
Migrating to AddForeignKeyToTemperatures (20200922161124)
  [1m[35m (0.4ms)[0m  [1m[35mBEGIN[0m
  [1m[35m (2.0ms)[0m  [1m[35mALTER TABLE "temperatures" ADD "location_id" integer[0m
  [1m[36mprimary::SchemaMigration Create (0.3ms)[0m  [1m[32mINSERT INTO "schema_migrations" ("version") VALUES ($1) RETURNING "version"[0m  [["version", "20200922161124"]]
  [1m[35m (0.3ms)[0m  [1m[35mCOMMIT[0m
  [1m[36mActiveRecord::InternalMetadata Load (0.4ms)[0m  [1m[34mSELECT "ar_internal_metadata".* FROM "ar_internal_metadata" WHERE "ar_internal_metadata"."key" = $1 LIMIT $2[0m  [["key", "environment"], ["LIMIT", 1]]
  [1m[35m (0.1ms)[0m  [1m[35mBEGIN[0m
  [1m[36mActiveRecord::InternalMetadata Create (1.2ms)[0m  [1m[32mINSERT INTO "ar_internal_metadata" ("key", "value", "created_at", "updated_at") VALUES ($1, $2, $3, $4) RETURNING "key"[0m  [["key", "environment"], ["value", "development"], ["created_at", "2020-09-22 16:44:38.387578"], ["updated_at", "2020-09-22 16:44:38.387578"]]
  [1m[35m (0.3ms)[0m  [1m[35mCOMMIT[0m
  [1m[35m (0.4ms)[0m  [1m[34mSELECT pg_advisory_unlock(164586408472616235)[0m
  [1m[35m (3.1ms)[0m  [1m[34mSELECT "schema_migrations"."version" FROM "schema_migrations" ORDER BY "schema_migrations"."version" ASC[0m
  [1m[35m (0.8ms)[0m  [1m[34mSELECT "schema_migrations"."version" FROM "schema_migrations" ORDER BY "schema_migrations"."version" ASC[0m
  [1m[35m (0.2ms)[0m  [1m[35mBEGIN[0m
  [1m[36mLocation Create (2.4ms)[0m  [1m[32mINSERT INTO "locations" ("lat", "lng", "name", "created_at", "updated_at") VALUES ($1, $2, $3, $4, $5) RETURNING "id"[0m  [["lat", "40.7128"], ["lng", "74.0059"], ["name", "New York City"], ["created_at", "2020-09-22 17:11:36.117749"], ["updated_at", "2020-09-22 17:11:36.117749"]]
  [1m[35m (0.5ms)[0m  [1m[35mCOMMIT[0m
  [1m[35m (0.1ms)[0m  [1m[35mBEGIN[0m
  [1m[36mLocation Create (0.4ms)[0m  [1m[32mINSERT INTO "locations" ("lat", "lng", "name", "created_at", "updated_at") VALUES ($1, $2, $3, $4, $5) RETURNING "id"[0m  [["lat", "78.2232"], ["lng", "15.6267"], ["name", "LongYearByen"], ["created_at", "2020-09-22 17:11:36.129159"], ["updated_at", "2020-09-22 17:11:36.129159"]]
  [1m[35m (0.3ms)[0m  [1m[35mCOMMIT[0m
  [1m[35m (0.1ms)[0m  [1m[35mBEGIN[0m
  [1m[36mLocation Load (0.6ms)[0m  [1m[34mSELECT "locations".* FROM "locations" WHERE "locations"."id" = $1 LIMIT $2[0m  [["id", 1], ["LIMIT", 1]]
  [1m[36mTemperature Create (0.7ms)[0m  [1m[32mINSERT INTO "temperatures" ("average_high_f", "average_low_f", "month", "created_at", "updated_at", "location_id") VALUES ($1, $2, $3, $4, $5, $6) RETURNING "id"[0m  [["average_high_f", 39], ["average_low_f", 26], ["month", "January"], ["created_at", "2020-09-22 17:11:36.166482"], ["updated_at", "2020-09-22 17:11:36.166482"], ["location_id", 1]]
  [1m[35m (0.3ms)[0m  [1m[35mCOMMIT[0m
  [1m[35m (0.1ms)[0m  [1m[35mBEGIN[0m
  [1m[36mLocation Load (0.4ms)[0m  [1m[34mSELECT "locations".* FROM "locations" WHERE "locations"."id" = $1 LIMIT $2[0m  [["id", 1], ["LIMIT", 1]]
  [1m[36mTemperature Create (0.4ms)[0m  [1m[32mINSERT INTO "temperatures" ("average_high_f", "average_low_f", "month", "created_at", "updated_at", "location_id") VALUES ($1, $2, $3, $4, $5, $6) RETURNING "id"[0m  [["average_high_f", 42], ["average_low_f", 29], ["month", "February"], ["created_at", "2020-09-22 17:11:36.173474"], ["updated_at", "2020-09-22 17:11:36.173474"], ["location_id", 1]]
  [1m[35m (0.3ms)[0m  [1m[35mCOMMIT[0m
  [1m[35m (0.1ms)[0m  [1m[35mBEGIN[0m
  [1m[36mLocation Load (0.3ms)[0m  [1m[34mSELECT "locations".* FROM "locations" WHERE "locations"."id" = $1 LIMIT $2[0m  [["id", 1], ["LIMIT", 1]]
  [1m[36mTemperature Create (0.3ms)[0m  [1m[32mINSERT INTO "temperatures" ("average_high_f", "average_low_f", "month", "created_at", "updated_at", "location_id") VALUES ($1, $2, $3, $4, $5, $6) RETURNING "id"[0m  [["average_high_f", 50], ["average_low_f", 35], ["month", "March"], ["created_at", "2020-09-22 17:11:36.179573"], ["updated_at", "2020-09-22 17:11:36.179573"], ["location_id", 1]]
  [1m[35m (0.2ms)[0m  [1m[35mCOMMIT[0m
  [1m[35m (0.1ms)[0m  [1m[35mBEGIN[0m
  [1m[36mLocation Load (0.3ms)[0m  [1m[34mSELECT "locations".* FROM "locations" WHERE "locations"."id" = $1 LIMIT $2[0m  [["id", 1], ["LIMIT", 1]]
  [1m[36mTemperature Create (0.3ms)[0m  [1m[32mINSERT INTO "temperatures" ("average_high_f", "average_low_f", "month", "created_at", "updated_at", "location_id") VALUES ($1, $2, $3, $4, $5, $6) RETURNING "id"[0m  [["average_high_f", 61], ["average_low_f", 45], ["month", "April"], ["created_at", "2020-09-22 17:11:36.196973"], ["updated_at", "2020-09-22 17:11:36.196973"], ["location_id", 1]]
  [1m[35m (0.2ms)[0m  [1m[35mCOMMIT[0m
  [1m[35m (0.1ms)[0m  [1m[35mBEGIN[0m
  [1m[36mLocation Load (0.2ms)[0m  [1m[34mSELECT "locations".* FROM "locations" WHERE "locations"."id" = $1 LIMIT $2[0m  [["id", 1], ["LIMIT", 1]]
  [1m[36mTemperature Create (0.3ms)[0m  [1m[32mINSERT INTO "temperatures" ("average_high_f", "average_low_f", "month", "created_at", "updated_at", "location_id") VALUES ($1, $2, $3, $4, $5, $6) RETURNING "id"[0m  [["average_high_f", 71], ["average_low_f", 54], ["month", "May"], ["created_at", "2020-09-22 17:11:36.202100"], ["updated_at", "2020-09-22 17:11:36.202100"], ["location_id", 1]]
  [1m[35m (0.2ms)[0m  [1m[35mCOMMIT[0m
  [1m[35m (0.1ms)[0m  [1m[35mBEGIN[0m
  [1m[36mLocation Load (0.4ms)[0m  [1m[34mSELECT "locations".* FROM "locations" WHERE "locations"."id" = $1 LIMIT $2[0m  [["id", 1], ["LIMIT", 1]]
  [1m[36mTemperature Create (0.4ms)[0m  [1m[32mINSERT INTO "temperatures" ("average_high_f", "average_low_f", "month", "created_at", "updated_at", "location_id") VALUES ($1, $2, $3, $4, $5, $6) RETURNING "id"[0m  [["average_high_f", 79], ["average_low_f", 64], ["month", "June"], ["created_at", "2020-09-22 17:11:36.208517"], ["updated_at", "2020-09-22 17:11:36.208517"], ["location_id", 1]]
  [1m[35m (0.2ms)[0m  [1m[35mCOMMIT[0m
  [1m[35m (0.1ms)[0m  [1m[35mBEGIN[0m
  [1m[36mLocation Load (0.2ms)[0m  [1m[34mSELECT "locations".* FROM "locations" WHERE "locations"."id" = $1 LIMIT $2[0m  [["id", 1], ["LIMIT", 1]]
  [1m[36mTemperature Create (0.3ms)[0m  [1m[32mINSERT INTO "temperatures" ("average_high_f", "average_low_f", "month", "created_at", "updated_at", "location_id") VALUES ($1, $2, $3, $4, $5, $6) RETURNING "id"[0m  [["average_high_f", 84], ["average_low_f", 69], ["month", "July"], ["created_at", "2020-09-22 17:11:36.214631"], ["updated_at", "2020-09-22 17:11:36.214631"], ["location_id", 1]]
  [1m[35m (0.3ms)[0m  [1m[35mCOMMIT[0m
  [1m[35m (0.1ms)[0m  [1m[35mBEGIN[0m
  [1m[36mLocation Load (0.2ms)[0m  [1m[34mSELECT "locations".* FROM "locations" WHERE "locations"."id" = $1 LIMIT $2[0m  [["id", 1], ["LIMIT", 1]]
  [1m[36mTemperature Create (0.5ms)[0m  [1m[32mINSERT INTO "temperatures" ("average_high_f", "average_low_f", "month", "created_at", "updated_at", "location_id") VALUES ($1, $2, $3, $4, $5, $6) RETURNING "id"[0m  [["average_high_f", 83], ["average_low_f", 68], ["month", "August"], ["created_at", "2020-09-22 17:11:36.219680"], ["updated_at", "2020-09-22 17:11:36.219680"], ["location_id", 1]]
  [1m[35m (0.3ms)[0m  [1m[35mCOMMIT[0m
  [1m[35m (0.1ms)[0m  [1m[35mBEGIN[0m
  [1m[36mLocation Load (0.2ms)[0m  [1m[34mSELECT "locations".* FROM "locations" WHERE "locations"."id" = $1 LIMIT $2[0m  [["id", 1], ["LIMIT", 1]]
  [1m[36mTemperature Create (0.4ms)[0m  [1m[32mINSERT INTO "temperatures" ("average_high_f", "average_low_f", "month", "created_at", "updated_at", "location_id") VALUES ($1, $2, $3, $4, $5, $6) RETURNING "id"[0m  [["average_high_f", 75], ["average_low_f", 61], ["month", "September"], ["created_at", "2020-09-22 17:11:36.227379"], ["updated_at", "2020-09-22 17:11:36.227379"], ["location_id", 1]]
  [1m[35m (0.3ms)[0m  [1m[35mCOMMIT[0m
  [1m[35m (0.1ms)[0m  [1m[35mBEGIN[0m
  [1m[36mLocation Load (0.2ms)[0m  [1m[34mSELECT "locations".* FROM "locations" WHERE "locations"."id" = $1 LIMIT $2[0m  [["id", 1], ["LIMIT", 1]]
  [1m[36mTemperature Create (0.3ms)[0m  [1m[32mINSERT INTO "temperatures" ("average_high_f", "average_low_f", "month", "created_at", "updated_at", "location_id") VALUES ($1, $2, $3, $4, $5, $6) RETURNING "id"[0m  [["average_high_f", 64], ["average_low_f", 50], ["month", "October"], ["created_at", "2020-09-22 17:11:36.234497"], ["updated_at", "2020-09-22 17:11:36.234497"], ["location_id", 1]]
  [1m[35m (0.2ms)[0m  [1m[35mCOMMIT[0m
  [1m[35m (0.2ms)[0m  [1m[35mBEGIN[0m
  [1m[36mLocation Load (0.2ms)[0m  [1m[34mSELECT "locations".* FROM "locations" WHERE "locations"."id" = $1 LIMIT $2[0m  [["id", 1], ["LIMIT", 1]]
  [1m[36mTemperature Create (0.3ms)[0m  [1m[32mINSERT INTO "temperatures" ("average_high_f", "average_low_f", "month", "created_at", "updated_at", "location_id") VALUES ($1, $2, $3, $4, $5, $6) RETURNING "id"[0m  [["average_high_f", 54], ["average_low_f", 42], ["month", "November"], ["created_at", "2020-09-22 17:11:36.240326"], ["updated_at", "2020-09-22 17:11:36.240326"], ["location_id", 1]]
  [1m[35m (0.3ms)[0m  [1m[35mCOMMIT[0m
  [1m[35m (0.1ms)[0m  [1m[35mBEGIN[0m
  [1m[36mLocation Load (0.2ms)[0m  [1m[34mSELECT "locations".* FROM "locations" WHERE "locations"."id" = $1 LIMIT $2[0m  [["id", 1], ["LIMIT", 1]]
  [1m[36mTemperature Create (0.3ms)[0m  [1m[32mINSERT INTO "temperatures" ("average_high_f", "average_low_f", "month", "created_at", "updated_at", "location_id") VALUES ($1, $2, $3, $4, $5, $6) RETURNING "id"[0m  [["average_high_f", 43], ["average_low_f", 48], ["month", "December"], ["created_at", "2020-09-22 17:11:36.246540"], ["updated_at", "2020-09-22 17:11:36.246540"], ["location_id", 1]]
  [1m[35m (0.2ms)[0m  [1m[35mCOMMIT[0m
  [1m[35m (0.1ms)[0m  [1m[35mBEGIN[0m
  [1m[36mLocation Load (0.1ms)[0m  [1m[34mSELECT "locations".* FROM "locations" WHERE "locations"."id" = $1 LIMIT $2[0m  [["id", 2], ["LIMIT", 1]]
  [1m[36mTemperature Create (0.5ms)[0m  [1m[32mINSERT INTO "temperatures" ("average_high_f", "average_low_f", "month", "created_at", "updated_at", "location_id") VALUES ($1, $2, $3, $4, $5, $6) RETURNING "id"[0m  [["average_high_f", -6], ["average_low_f", -12], ["month", "January"], ["created_at", "2020-09-22 17:11:36.252534"], ["updated_at", "2020-09-22 17:11:36.252534"], ["location_id", 2]]
  [1m[35m (0.3ms)[0m  [1m[35mCOMMIT[0m
  [1m[35m (2.9ms)[0m  [1m[34mSELECT COUNT(*) FROM "locations"[0m
  [1m[35m (0.5ms)[0m  [1m[34mSELECT COUNT(*) FROM "temperatures"[0m
  [1m[36mLocation Load (0.4ms)[0m  [1m[34mSELECT "locations".* FROM "locations" ORDER BY "locations"."id" ASC LIMIT $1[0m  [["LIMIT", 1]]
  [1m[36mLocation Load (0.4ms)[0m  [1m[34mSELECT "locations".* FROM "locations" ORDER BY "locations"."id" ASC LIMIT $1[0m  [["LIMIT", 1]]
  [1m[36mLocation Load (0.4ms)[0m  [1m[34mSELECT "locations".* FROM "locations" ORDER BY "locations"."id" ASC LIMIT $1[0m  [["LIMIT", 1]]
  [1m[36mTemperature Load (0.4ms)[0m  [1m[34mSELECT "temperatures".* FROM "temperatures" WHERE "temperatures"."location_id" = $1 LIMIT $2[0m  [["location_id", 1], ["LIMIT", 11]]
  [1m[36mTemperature Load (0.3ms)[0m  [1m[34mSELECT "temperatures".* FROM "temperatures" ORDER BY "temperatures"."id" ASC LIMIT $1[0m  [["LIMIT", 1]]
  [1m[36mLocation Load (0.3ms)[0m  [1m[34mSELECT "locations".* FROM "locations" WHERE "locations"."id" = $1 LIMIT $2[0m  [["id", 1], ["LIMIT", 1]]
Started GET "/locations" for ::1 at 2020-09-22 13:24:14 -0400
  [1m[35m (0.8ms)[0m  [1m[34mSELECT "schema_migrations"."version" FROM "schema_migrations" ORDER BY "schema_migrations"."version" ASC[0m
Processing by LocationsController#index as HTML
  [1m[36mLocation Load (0.7ms)[0m  [1m[34mSELECT "locations".* FROM "locations"[0m
  ↳ app/controllers/locations_controller.rb:8:in `index'
Completed 200 OK in 18ms (Views: 8.2ms | ActiveRecord: 7.1ms | Allocations: 5842)


Started GET "/temperatures" for ::1 at 2020-09-22 13:24:29 -0400
Processing by TemperaturesController#index as HTML
  [1m[36mTemperature Load (3.3ms)[0m  [1m[34mSELECT "temperatures".* FROM "temperatures"[0m
  ↳ app/controllers/temperatures_controller.rb:8:in `index'
Completed 200 OK in 32ms (Views: 17.3ms | ActiveRecord: 11.6ms | Allocations: 6828)


